<?xml version="1.0" encoding="UTF-8"?>
<!-- Generated by org.testng.reporters.JUnitReportReporter -->
<testsuite hostname="DESKTOP-62C472L" failures="0" tests="1" name="Java.shuzulianxi" time="0.016" errors="0" timestamp="28 11æœˆ 2018 07:18:11 GMT" skipped="0">
  <testcase classname="Java.shuzulianxi" name="max" time="0.016"/>
</testsuite> <!-- Java.shuzulianxi -->
