<?xml version="1.0" encoding="UTF-8"?>
<!-- Generated by org.testng.reporters.JUnitReportReporter -->
<testsuite hostname="DESKTOP-62C472L" failures="0" tests="1" name="WEBdriver.tenyingping" time="97.710" errors="0" timestamp="23 11æœˆ 2018 00:46:43 GMT" skipped="0">
  <testcase classname="WEBdriver.tenyingping" name="pinglun" time="97.710"/>
</testsuite> <!-- WEBdriver.tenyingping -->
