<?xml version="1.0" encoding="UTF-8"?>
<!-- Generated by org.testng.reporters.JUnitReportReporter -->
<testsuite hostname="DESKTOP-62C472L" failures="0" tests="1" name="WEBdriver.getxinxi" time="17.587" errors="0" timestamp="20 11æœˆ 2018 08:46:42 GMT" skipped="0">
  <testcase classname="WEBdriver.getxinxi" name="getpage" time="17.587"/>
</testsuite> <!-- WEBdriver.getxinxi -->
