<?xml version="1.0" encoding="UTF-8"?>
<!-- Generated by org.testng.reporters.JUnitReportReporter -->
<testsuite hostname="DESKTOP-62C472L" failures="0" tests="1" name="WEBdriver.webdrive" time="21.189" errors="0" timestamp="20 11æœˆ 2018 08:46:01 GMT" skipped="0">
  <testcase classname="WEBdriver.webdrive" name="visitURL" time="21.189"/>
</testsuite> <!-- WEBdriver.webdrive -->
