<?xml version="1.0" encoding="UTF-8"?>
<!-- Generated by org.testng.reporters.JUnitReportReporter -->
<testsuite hostname="DESKTOP-62C472L" failures="0" tests="1" name="day02.element" time="102.852" errors="0" timestamp="21 11æœˆ 2018 07:42:37 GMT" skipped="0">
  <testcase classname="day02.element" name="elemnTest" time="102.852"/>
</testsuite> <!-- day02.element -->
