<?xml version="1.0" encoding="UTF-8"?>
<!-- Generated by org.testng.reporters.JUnitReportReporter -->
<testsuite hostname="DESKTOP-62C472L" failures="0" tests="1" name="WEBdriver.tianjiayingping" time="29.908" errors="0" timestamp="25 11æœˆ 2018 05:46:53 GMT" skipped="0">
  <testcase classname="WEBdriver.tianjiayingping" name="tianjia" time="29.908"/>
</testsuite> <!-- WEBdriver.tianjiayingping -->
