<?xml version="1.0" encoding="UTF-8"?>
<!-- Generated by org.testng.reporters.JUnitReportReporter -->
<testsuite hostname="DESKTOP-62C472L" failures="0" tests="1" name="Java.shuzu" time="0.031" errors="0" timestamp="27 11æœˆ 2018 07:02:15 GMT" skipped="0">
  <testcase classname="Java.shuzu" name="xunhuan" time="0.031"/>
</testsuite> <!-- Java.shuzu -->
