<?xml version="1.0" encoding="UTF-8"?>
<!-- Generated by org.testng.reporters.JUnitReportReporter -->
<testsuite hostname="DESKTOP-62C472L" failures="0" tests="1" name="WEBdriver.jubing" time="28.587" errors="0" timestamp="20 11æœˆ 2018 08:47:27 GMT" skipped="0">
  <testcase classname="WEBdriver.jubing" name="controlWindow" time="28.587"/>
</testsuite> <!-- WEBdriver.jubing -->
