<?xml version="1.0" encoding="UTF-8"?>
<!-- Generated by org.testng.reporters.JUnitReportReporter -->
<testsuite hostname="DESKTOP-62C472L" failures="0" tests="1" name="WEBdriver.ElementTester" time="15.194" errors="0" timestamp="22 11æœˆ 2018 03:22:33 GMT" skipped="0">
  <testcase classname="WEBdriver.ElementTester" name="elementTest" time="15.194"/>
</testsuite> <!-- WEBdriver.ElementTester -->
