<?xml version="1.0" encoding="UTF-8"?>
<!-- Generated by org.testng.reporters.JUnitReportReporter -->
<testsuite hostname="DESKTOP-62C472L" failures="0" tests="1" name="two.webdrive" time="50.189" errors="0" timestamp="16 11æœˆ 2018 01:47:48 GMT" skipped="0">
  <testcase classname="two.webdrive" name="visitURL" time="50.189"/>
</testsuite> <!-- two.webdrive -->
