<?xml version="1.0" encoding="UTF-8"?>
<!-- Generated by org.testng.reporters.JUnitReportReporter -->
<testsuite hostname="DESKTOP-62C472L" failures="0" tests="1" name="two.getxinxi" time="13.468" errors="0" timestamp="16 11æœˆ 2018 02:03:26 GMT" skipped="0">
  <testcase classname="two.getxinxi" name="getpage" time="13.468"/>
</testsuite> <!-- two.getxinxi -->
