<?xml version="1.0" encoding="UTF-8"?>
<!-- Generated by org.testng.reporters.JUnitReportReporter -->
<testsuite hostname="DESKTOP-62C472L" failures="0" tests="1" name="Java.suijishu" time="0.388" errors="0" timestamp="28 11æœˆ 2018 08:02:36 GMT" skipped="0">
  <testcase classname="Java.suijishu" name="suiji" time="0.388"/>
</testsuite> <!-- Java.suijishu -->
